<?xml version="1.0" encoding="UTF-8"?>
<!-- Generated by org.testng.reporters.JUnitReportReporter -->
<testsuite name="com.automation.testScripts.TC_UsingExcel" tests="66" time="54.461" ignored="0" failures="0" timestamp="14 Aug 2017 19:17:12 GMT" skipped="0" hostname="mom-PC" errors="0">
  <testcase name="MoveTasksToCompleted" time="0.001" classname="com.automation.testScripts.TC_UsingExcel"/>
  <testcase name="EnterDuplicateTsks" time="0.002" classname="com.automation.testScripts.TC_UsingExcel"/>
  <testcase name="DeleteDuplicateTsks" time="0.402" classname="com.automation.testScripts.TC_UsingExcel"/>
  <testcase name="EnterSingleTask" time="0.002" classname="com.automation.testScripts.TC_UsingExcel"/>
  <testcase name="MoveTasksToCompleted" time="0.001" classname="com.automation.testScripts.TC_UsingExcel"/>
  <testcase name="DeleteDuplicateTsks" time="0.465" classname="com.automation.testScripts.TC_UsingExcel"/>
  <testcase name="EnterDuplicateTsks" time="0.001" classname="com.automation.testScripts.TC_UsingExcel"/>
  <testcase name="MoveTasksToCompleted" time="0.002" classname="com.automation.testScripts.TC_UsingExcel"/>
  <testcase name="DeleteDuplicateTsks" time="0.978" classname="com.automation.testScripts.TC_UsingExcel"/>
  <testcase name="DeleteDuplicateTsks" time="0.670" classname="com.automation.testScripts.TC_UsingExcel"/>
  <testcase name="MoveTasksToCompleted" time="0.503" classname="com.automation.testScripts.TC_UsingExcel"/>
  <testcase name="MoveTasksToCompleted" time="0.001" classname="com.automation.testScripts.TC_UsingExcel"/>
  <testcase name="EnterMultipleTasks" time="0.005" classname="com.automation.testScripts.TC_UsingExcel"/>
  <testcase name="EnterSingleTask" time="0.001" classname="com.automation.testScripts.TC_UsingExcel"/>
  <testcase name="MoveTasksToCompleted" time="0.001" classname="com.automation.testScripts.TC_UsingExcel"/>
  <testcase name="EnterMultipleTasks" time="0.293" classname="com.automation.testScripts.TC_UsingExcel"/>
  <testcase name="EnterDuplicateTsks" time="0.001" classname="com.automation.testScripts.TC_UsingExcel"/>
  <testcase name="ClearCompletedTasks" time="40.503" classname="com.automation.testScripts.TC_UsingExcel"/>
  <testcase name="EnterMultipleTasks" time="0.001" classname="com.automation.testScripts.TC_UsingExcel"/>
  <testcase name="EnterSingleTask" time="0.001" classname="com.automation.testScripts.TC_UsingExcel"/>
  <testcase name="MoveTasksToCompleted" time="0.002" classname="com.automation.testScripts.TC_UsingExcel"/>
  <testcase name="EnterMultipleTasks" time="0.368" classname="com.automation.testScripts.TC_UsingExcel"/>
  <testcase name="EnterDuplicateTsks" time="0.001" classname="com.automation.testScripts.TC_UsingExcel"/>
  <testcase name="EnterSingleTask" time="0.002" classname="com.automation.testScripts.TC_UsingExcel"/>
  <testcase name="EnterSingleTask" time="0.001" classname="com.automation.testScripts.TC_UsingExcel"/>
  <testcase name="DeleteDuplicateTsks" time="0.366" classname="com.automation.testScripts.TC_UsingExcel"/>
  <testcase name="EnterMultipleTasks" time="0.002" classname="com.automation.testScripts.TC_UsingExcel"/>
  <testcase name="EnterSingleTask" time="0.689" classname="com.automation.testScripts.TC_UsingExcel"/>
  <testcase name="MoveTasksToCompleted" time="0.001" classname="com.automation.testScripts.TC_UsingExcel"/>
  <testcase name="EnterDuplicateTsks" time="0.002" classname="com.automation.testScripts.TC_UsingExcel"/>
  <testcase name="EnterSingleTask" time="0.002" classname="com.automation.testScripts.TC_UsingExcel"/>
  <testcase name="DeleteDuplicateTsks" time="0.703" classname="com.automation.testScripts.TC_UsingExcel"/>
  <testcase name="MoveTasksToCompleted" time="2.674" classname="com.automation.testScripts.TC_UsingExcel"/>
  <testcase name="EnterMultipleTasks" time="0.001" classname="com.automation.testScripts.TC_UsingExcel"/>
  <testcase name="DeleteDuplicateTsks" time="0.519" classname="com.automation.testScripts.TC_UsingExcel"/>
  <testcase name="DeleteDuplicateTsks" time="0.282" classname="com.automation.testScripts.TC_UsingExcel"/>
  <testcase name="EnterDuplicateTsks" time="0.692" classname="com.automation.testScripts.TC_UsingExcel"/>
  <testcase name="DeleteDuplicateTsks" time="0.306" classname="com.automation.testScripts.TC_UsingExcel"/>
  <testcase name="DeleteDuplicateTsks" time="0.431" classname="com.automation.testScripts.TC_UsingExcel"/>
  <testcase name="EnterDuplicateTsks" time="0.001" classname="com.automation.testScripts.TC_UsingExcel"/>
  <testcase name="EnterSingleTask" time="0.001" classname="com.automation.testScripts.TC_UsingExcel"/>
  <testcase name="MoveTasksToCompleted" time="0.001" classname="com.automation.testScripts.TC_UsingExcel"/>
  <testcase name="EnterDuplicateTsks" time="0.544" classname="com.automation.testScripts.TC_UsingExcel"/>
  <testcase name="DeleteDuplicateTsks" time="0.324" classname="com.automation.testScripts.TC_UsingExcel"/>
  <testcase name="EnterDuplicateTsks" time="0.001" classname="com.automation.testScripts.TC_UsingExcel"/>
  <testcase name="EnterSingleTask" time="0.002" classname="com.automation.testScripts.TC_UsingExcel"/>
  <testcase name="MoveTasksToCompleted" time="0.002" classname="com.automation.testScripts.TC_UsingExcel"/>
  <testcase name="EnterMultipleTasks" time="0.456" classname="com.automation.testScripts.TC_UsingExcel"/>
  <testcase name="EnterSingleTask" time="0.002" classname="com.automation.testScripts.TC_UsingExcel"/>
  <testcase name="EnterMultipleTasks" time="0.001" classname="com.automation.testScripts.TC_UsingExcel"/>
  <testcase name="EnterMultipleTasks" time="0.002" classname="com.automation.testScripts.TC_UsingExcel"/>
  <testcase name="EnterSingleTask" time="0.002" classname="com.automation.testScripts.TC_UsingExcel"/>
  <testcase name="DeleteDuplicateTsks" time="0.560" classname="com.automation.testScripts.TC_UsingExcel"/>
  <testcase name="EnterDuplicateTsks" time="0.728" classname="com.automation.testScripts.TC_UsingExcel"/>
  <testcase name="EnterMultipleTasks" time="0.282" classname="com.automation.testScripts.TC_UsingExcel"/>
  <testcase name="DeleteDuplicateTsks" time="0.347" classname="com.automation.testScripts.TC_UsingExcel"/>
  <testcase name="MoveTasksToCompleted" time="0.002" classname="com.automation.testScripts.TC_UsingExcel"/>
  <testcase name="EnterSingleTask" time="0.002" classname="com.automation.testScripts.TC_UsingExcel"/>
  <testcase name="EnterDuplicateTsks" time="0.001" classname="com.automation.testScripts.TC_UsingExcel"/>
  <testcase name="EnterDuplicateTsks" time="0.001" classname="com.automation.testScripts.TC_UsingExcel"/>
  <testcase name="EnterMultipleTasks" time="0.001" classname="com.automation.testScripts.TC_UsingExcel"/>
  <testcase name="EnterDuplicateTsks" time="0.001" classname="com.automation.testScripts.TC_UsingExcel"/>
  <testcase name="EnterMultipleTasks" time="0.002" classname="com.automation.testScripts.TC_UsingExcel"/>
  <testcase name="MoveTasksToCompleted" time="0.001" classname="com.automation.testScripts.TC_UsingExcel"/>
  <testcase name="EnterMultipleTasks" time="0.315" classname="com.automation.testScripts.TC_UsingExcel"/>
  <testcase name="EnterSingleTask" time="0.001" classname="com.automation.testScripts.TC_UsingExcel"/>
</testsuite> <!-- com.automation.testScripts.TC_UsingExcel -->
